graph-1000-50, p=0
partialcol targetK 40 reactive 93 MiSS 0
partialcol targetK 94 reactive 93 HIT 2
tabucol targetK 94 reactive 94 MISS 0
tabucol targetK 94 dynamic 94 HIT 5
partialcol targetK 94 dynamic 94 HIT 5
tabucol targetK 93 dynamic 93 HIT 4
partialcol targetK 93 dynamic 92 HIT 2
tabucol targetK 93 reactive 94 MISS 0
partialcol targetK 93 reactive 93 MiSS 0
partialcol targetK 90 dynamic 92 MiSS 0
partialcol targetK 92 dynamic 92 MiSS 0
tabucol targetK 92 dynamic 91 MiSS 0
tabucol targetK 89 dynamic 91 MiSS 0
partialcol targetK 89 dynamic 92 MiSS 0
tabucol targetK 89 reactive 94 MISS 0
partialcol targetK 89 reactive 93 MiSS 0
tabucol targetK 95 reactive 95 HIT 3

graph-1000-50, p=1
tabucol targetK 93 dynamic 98 MiSS 0
partialcol targetK 93 dynamic 94 MiSS 0
tabucol targetK 93 reactive 97 MISS 0
partialcol targetK 93 reactive 93 MiSS 0
tabucol targetK 94 dynamic 97 MiSS 0
partialcol targetK 94 dynamic 95 MiSS 0
tabucol targetK 94 dynamic 97 MiSS 0
tabucol targetK 94 reactive 99 MISS 0
partialcol targetK 94 reactive 95 MiSS 0
tabucol targetK 95 dynamic 99 MiSS 0
partialcol targetK 95 dynamic 95 MiSS 0
tabucol targetK 95 reactive 100 MISS 0
partialcol targetK 95 reactive 95 MiSS 0
tabucol targetK 96 dynamic 99 MiSS 0
partialcol targetK 96 dynamic 96 MiSS 0
tabucol targetK 96 reactive 100 MISS 0
partialcol targetK 96 reactive 97 MiSS 0
tabucol targetK 97 dynamic 100 MiSS 0
partialcol targetK 97 dynamic 97 MiSS 0
tabucol targetK 97 reactive 101 MISS 0
partialcol targetK 97 reactive 96 MiSS 0
tabucol targetK 98 dynamic 101 MiSS 0
partialcol targetK 98 dynamic 99 MiSS 0
tabucol targetK 98 reactive 101 MISS 0
partialcol targetK 98 reactive 97 HIT 1
tabucol targetK 99 dynamic 102 MiSS 0
partialcol targetK 99 dynamic 100 MiSS 0
tabucol targetK 99 reactive 103 MISS 0
tabucol targetK 100 dynamic 103 MiSS 0
partialcol targetK 100 dynamic 100 MiSS 0
tabucol targetK 100 reactive 103 MISS 0
tabucol targetK 101 dynamic 104 MiSS 0
partialcol targetK 101 dynamic 100 MiSS 0
tabucol targetK 101 reactive 104 MISS 0
tabucol targetK 102 dynamic 107 MiSS 0
partialcol targetK 102 dynamic 102 MiSS 0
tabucol targetK 102 reactive 104 MISS 0
tabucol targetK 103 dynamic 106 MiSS 0
partialcol targetK 103 dynamic 103 MiSS 0
tabucol targetK 103 reactive 106 MISS 0
tabucol targetK 104 dynamic 110 MiSS 0
partialcol targetK 104 dynamic 105 MiSS 0
tabucol targetK 104 reactive 107 MISS 0
tabucol targetK 105 dynamic 108 MiSS 0
partialcol targetK 105 dynamic 106 MiSS 0
tabucol targetK 105 reactive 108 MISS 0
tabucol targetK 106 reactive 109 MISS 0
tabucol targetK 107 reactive 110 MISS 0
tabucol targetK 108 reactive 110 MISS 0
tabucol targetK 109 reactive 111 MISS 0
tabucol targetK 110 reactive 111 MISS 0
tabucol targetK 111 reactive 112 MISS 0
tabucol targetK 112 reactive 114 MISS 0
tabucol targetK 113 reactive 114 MISS 0
tabucol targetK 114 reactive 116 MISS 0
tabucol targetK 115 reactive 116 MISS 0
tabucol targetK 116 reactive 117 MISS 0
tabucol targetK 117 reactive 118 MISS 0
tabucol targetK 118 reactive 120 MISS 0
tabucol targetK 119 reactive 120 MISS 0
tabucol targetK 120 reactive 120 MISS 0
tabucol targetK 121 reactive 122 MISS 0
tabucol targetK 122 reactive 123 MISS 0
tabucol targetK 123 reactive 124 MISS 0
tabucol targetK 124 reactive 124 MISS 0
tabucol targetK 125 reactive 125 MISS 0
tabucol targetK 126 reactive 126 MISS 0
tabucol targetK 140 reactive 140 MISS 0
partialcol targetK 140 dynamic 139 MiSS 0
partialcol targetK 150 dynamic 150 MiSS 0
tabucol targetK 150 reactive 149 MISS 0
tabucol targetK 160 reactive 161 MISS 0
partialcol targetK 160 dynamic 160 MiSS 0
tabucol targetK 170 reactive 171 MISS 0
partialcol targetK 170 dynamic 171 MiSS 0
partialcol targetK 180 dynamic 179 MiSS 0
tabucol targetK 180 reactive 181 MISS 0
tabucol targetK 190 reactive 190 MISS 0
partialcol targetK 190 dynamic 192 MiSS 0
tabucol targetK 200 reactive 200 MISS 0
partialcol targetK 200 dynamic 200 MiSS 0
tabucol targetK 210 reactive 210 MISS 0
partialcol targetK 210 dynamic 210 MiSS 0
tabucol targetK 220 reactive 220 MISS 0
partialcol targetK 300 dynamic 300 MiSS 0
partialcol targetK 400 dynamic 400 MiSS 0
tabucol targetK 400 reactive 400 MISS 0
tabucol targetK 140 reactive 140 MISS 0
tabucol targetK 141 reactive 141 MISS 0
tabucol targetK 142 reactive 142 MISS 0
tabucol targetK 143 reactive 145 MISS 0
tabucol targetK 144 reactive 143 MISS 0
tabucol targetK 145 reactive 146 MISS 0
tabucol targetK 146 reactive 146 MISS 0
tabucol targetK 147 reactive 146 MISS 0
partialcol targetK 600 dynamic 599 HIT 5
partialcol targetK 550 dynamic 549 HIT 5
partialcol targetK 525 dynamic 525 HIT 5
tabucol targetK 525 dynamic 525 HIT 1
tabucol targetK 525 reactive 524 MISS 0
tabucol targetK 524 dynamic 524 MiSS 0
partialcol targetK 524 dynamic 523 HIT 1
tabucol targetK 524 reactive 523 MISS 0
partialcol targetK 523 dynamic 523 HIT 2
tabucol targetK 523 reactive 523 MISS 0
partialcol targetK 522 dynamic 521 MiSS 0
tabucol targetK 522 reactive 522 MISS 0
partialcol targetK 540 dynamic 539 HIT 5
partialcol targetK 535 dynamic 534 HIT 5
partialcol targetK 533 dynamic 532 HIT 5
partialcol targetK 532 dynamic 531 HIT 5
partialcol targetK 531 dynamic 530 HIT 5
partialcol targetK 525 dynamic 525 HIT 5
partialcol targetK 530 dynamic 529 HIT 1


graph-1000-50, p=5
tabucol targetK 94 dynamic 96 MiSS 0
partialcol targetK 94 dynamic 94 MiSS 0
partialcol targetK 94 reactive 94 MiSS 0
partialcol targetK 95 dynamic 95 MiSS 0
tabucol targetK 95 dynamic 96 MiSS 0
tabucol targetK 95 reactive 97 MISS 0
tabucol targetK 96 dynamic 98 MiSS 0
partialcol targetK 96 dynamic 95 MiSS 0
tabucol targetK 96 reactive 97 MISS 0
partialcol targetK 97 dynamic 96 MiSS 0
tabucol targetK 97 reactive 99 MISS 0
tabucol targetK 98 dynamic 99 MiSS 0
tabucol targetK 98 reactive 99 MISS 0
tabucol targetK 99 dynamic 101 MiSS 0
partialcol targetK 99 dynamic 98 MiSS 0
tabucol targetK 99 reactive 100 MISS 0
tabucol targetK 100 dynamic 101 MiSS 0
partialcol targetK 100 dynamic 99 MiSS 0
tabucol targetK 100 reactive 101 MISS 0
tabucol targetK 110 dynamic 111 MiSS 0
partialcol targetK 110 dynamic 110 MiSS 0
tabucol targetK 110 reactive 110 MISS 0
partialcol targetK 98 reactive 97 MiSS 0
partialcol targetK 99 reactive 99 HIT 3
tabucol targetK 99 reactive 100 MISS 0
tabucol targetK 110 reactive 110 MISS 0
partialcol targetK 500 dynamic 499 MiSS 0
partialcol targetK 549 dynamic 548 HIT 5
partialcol targetK 525 dynamic 524 MiSS 0
tabucol targetK 525 reactive 524 MISS 0
partialcol targetK 531 dynamic 530 HIT 5
partialcol targetK 530 dynamic 529 MiSS 0
tabucol targetK 530 reactive 529 MISS 0
tabucol targetK 530 dynamic 530 MiSS 0
partialcol targetK 510 dynamic 509 MiSS 0
partialcol targetK 523 dynamic 522 MiSS 0
tabucol targetK 523 dynamic 522 MiSS 0
tabucol targetK 524 dynamic 523 HIT 1
partialcol targetK 524 dynamic 523 MiSS 0
partialcol targetK 525 dynamic 524 MiSS 0
partialcol targetK 526 dynamic 525 MiSS 0
partialcol targetK 527 dynamic 526 MiSS 0
partialcol targetK 528 dynamic 527 MiSS 0
partialcol targetK 529 dynamic 528 MiSS 0
partialcol targetK 530 dynamic 529 MiSS 0
tabucol targetK 199 dynamic 198 MiSS 0
partialcol targetK 199 dynamic 198 MiSS 0
tabucol targetK 199 reactive 198 MISS 0
tabucol targetK 200 dynamic 200 MiSS 0
partialcol targetK 200 dynamic 199 MiSS 0
tabucol targetK 200 reactive 199 MISS 0
tabucol targetK 210 dynamic 209 MiSS 0
partialcol targetK 210 dynamic 209 MiSS 0
tabucol targetK 210 reactive 210 MISS 0
tabucol targetK 220 dynamic 219 MiSS 0
partialcol targetK 220 dynamic 219 MiSS 0
tabucol targetK 220 reactive 220 MISS 0
tabucol targetK 300 dynamic 300 HIT 1
partialcol targetK 300 dynamic 300 MiSS 0
tabucol targetK 300 reactive 299 MISS 0
partialcol targetK 400 dynamic 400 MiSS 0
tabucol targetK 400 reactive 400 MISS 0
tabucol targetK 290 dynamic 290 MiSS 0
tabucol targetK 295 dynamic 295 MiSS 0
tabucol targetK 298 dynamic 297 MiSS 0
tabucol targetK 299 dynamic 298 MiSS 0


graph-1000-50, p=9

partialcol targetK 98 reactive 97 HIT 3
partialcol targetK 99 reactive 99 HIT 5
tabucol targetK 99 reactive 99 HIT 1
tabucol targetK 98 reactive 97 HIT 1
tabucol targetK 97 reactive 96 HIT 2
partialcol targetK 97 reactive 97 HIT 4
tabucol targetK 96 reactive 96 MISS 0
partialcol targetK 96 reactive 96 HIT 3
tabucol targetK 95 reactive 95 MISS 0
partialcol targetK 95 reactive 94 MiSS 0
tabucol targetK 97 dynamic 97 HIT 1
partialcol targetK 97 dynamic 97 HIT 4
tabucol targetK 96 dynamic 96 HIT 1
partialcol targetK 96 dynamic 96 HIT 5
tabucol targetK 95 dynamic 95 HIT 2
partialcol targetK 95 dynamic 95 HIT 2
tabucol targetK 94 dynamic 93 MiSS 0
partialcol targetK 94 dynamic 94 HIT 2
tabucol targetK 93 dynamic 93 MiSS 0
partialcol targetK 93 dynamic 92 MiSS 0
tabucol targetK 93 reactive 93 MISS 0
partialcol targetK 93 reactive 93 MiSS 0

graph-1000-50, p=3
tabucol targetK 93 dynamic 95 MiSS 0
partialcol targetK 93 dynamic 93 MiSS 0
tabucol targetK 93 reactive 95 MISS 0
partialcol targetK 93 reactive 93 MiSS 0
tabucol targetK 94 dynamic 95 MiSS 0
partialcol targetK 94 dynamic 95 MiSS 0
tabucol targetK 94 reactive 96 MISS 0
partialcol targetK 94 reactive 94 MiSS 0
tabucol targetK 95 dynamic 98 MiSS 0
partialcol targetK 95 dynamic 95 MiSS 0
tabucol targetK 95 reactive 98 MISS 0
partialcol targetK 95 reactive 95 MiSS 0
tabucol targetK 96 dynamic 98 MiSS 0
partialcol targetK 96 dynamic 96 MiSS 0
tabucol targetK 96 reactive 98 MISS 0
partialcol targetK 96 reactive 96 MiSS 0
tabucol targetK 97 dynamic 99 MiSS 0
partialcol targetK 97 dynamic 97 MiSS 0
tabucol targetK 97 reactive 100 MISS 0
partialcol targetK 97 reactive 96 MiSS 0
tabucol targetK 98 dynamic 100 MiSS 0
tabucol targetK 98 reactive 101 MISS 0
partialcol targetK 98 reactive 97 MiSS 0
partialcol targetK 99 reactive 98 HIT 2
tabucol targetK 99 dynamic 102 MiSS 0
partialcol targetK 99 dynamic 98 MiSS 0
tabucol targetK 99 reactive 101 MISS 0
tabucol targetK 100 dynamic 102 MiSS 0
partialcol targetK 100 dynamic 99 MiSS 0
tabucol targetK 100 reactive 102 MISS 0
tabucol targetK 101 dynamic 103 MiSS 0
partialcol targetK 101 dynamic 100 MiSS 0
tabucol targetK 101 reactive 104 MISS 0
tabucol targetK 102 dynamic 103 MiSS 0
partialcol targetK 102 dynamic 102 MiSS 0
tabucol targetK 102 reactive 103 MISS 0
tabucol targetK 103 dynamic 107 MiSS 0
partialcol targetK 103 dynamic 103 MiSS 0
tabucol targetK 103 reactive 106 MISS 0
tabucol targetK 104 dynamic 106 MiSS 0
partialcol targetK 104 dynamic 104 MiSS 0
tabucol targetK 104 reactive 107 MISS 0
tabucol targetK 105 dynamic 107 MiSS 0
partialcol targetK 105 dynamic 106 MiSS 0
tabucol targetK 105 reactive 107 MISS 0
tabucol targetK 525 dynamic 524 MiSS 0
partialcol targetK 525 dynamic 525 MiSS 0
tabucol targetK 525 reactive 524 MISS 0
tabucol targetK 530 dynamic 529 MiSS 0
partialcol targetK 530 dynamic 529 MiSS 0
tabucol targetK 530 reactive 529 MISS 0
tabucol targetK 531 dynamic 530 HIT 5
partialcol targetK 531 dynamic 530 HIT 5
tabucol targetK 531 reactive 530 HIT 5
tabucol targetK 524 dynamic 523 MiSS 0
partialcol targetK 524 dynamic 523 MiSS 0
tabucol targetK 190 dynamic 190 MiSS 0
partialcol targetK 190 dynamic 189 MiSS 0
tabucol targetK 190 reactive 189 MISS 0
tabucol targetK 300 dynamic 299 MiSS 0
tabucol targetK 300 reactive 300 MISS 0
partialcol targetK 210 dynamic 211 MiSS 0
tabucol targetK 210 reactive 210 MISS 0

graph-1000-50, p=7

tabucol targetK 93 dynamic 94 MiSS 0
partialcol targetK 93 dynamic 92 MiSS 0
tabucol targetK 93 reactive 94 MISS 0
partialcol targetK 93 reactive 93 MiSS 0
partialcol targetK 94 reactive 94 MiSS 0
tabucol targetK 94 dynamic 95 MiSS 0
partialcol targetK 94 dynamic 93 MiSS 0
tabucol targetK 94 reactive 95 MISS 0
tabucol targetK 95 reactive 96 MISS 0
partialcol targetK 95 reactive 94 MiSS 0
tabucol targetK 95 dynamic 95 MiSS 0
partialcol targetK 95 dynamic 94 MiSS 0
tabucol targetK 96 dynamic 96 MiSS 0
partialcol targetK 96 dynamic 95 MiSS 0
tabucol targetK 96 reactive 96 MISS 0
partialcol targetK 96 reactive 95 MiSS 0
tabucol targetK 97 dynamic 97 MiSS 0
partialcol targetK 97 dynamic 96 MiSS 0
tabucol targetK 97 reactive 98 MISS 0
partialcol targetK 97 reactive 96 MiSS 0
tabucol targetK 98 dynamic 98 MiSS 0
partialcol targetK 98 dynamic 97 MiSS 0
tabucol targetK 98 reactive 98 MISS 0
partialcol targetK 98 reactive 97 MiSS 0
tabucol targetK 99 dynamic 99 MiSS 0
partialcol targetK 99 dynamic 99 MiSS 0
tabucol targetK 99 reactive 99 MISS 0
partialcol targetK 99 reactive 98 HIT 2
tabucol targetK 100 dynamic 100 MiSS 0
partialcol targetK 100 dynamic 99 HIT 1
tabucol targetK 100 reactive 99 MISS 0
partialcol targetK 100 reactive 99 HIT 4
tabucol targetK 101 dynamic 102 MiSS 0
partialcol targetK 101 dynamic 100 MiSS 0
tabucol targetK 101 reactive 101 MISS 0
tabucol targetK 102 dynamic 103 MiSS 0
tabucol targetK 102 reactive 102 MISS 0
tabucol targetK 103 dynamic 103 MiSS 0
partialcol targetK 103 dynamic 102 MiSS 0
tabucol targetK 103 reactive 103 MISS 0
tabucol targetK 104 reactive 103 MISS 0
tabucol targetK 105 dynamic 105 MiSS 0
partialcol targetK 105 dynamic 104 MiSS 0
tabucol targetK 105 reactive 105 MISS 0
tabucol targetK 106 dynamic 105 MiSS 0
partialcol targetK 106 dynamic 105 MiSS 0
tabucol targetK 110 dynamic 110 MiSS 0
partialcol targetK 110 dynamic 110 MiSS 0
tabucol targetK 110 reactive 110 MISS 0
tabucol targetK 200 dynamic 199 MiSS 0
tabucol targetK 200 dynamic 199 MiSS 0
tabucol targetK 200 reactive 199 HIT 1
tabucol targetK 300 dynamic 299 MiSS 0
partialcol targetK 300 dynamic 299 MiSS 0
partialcol targetK 400 dynamic 399 MiSS 0
partialcol targetK 500 dynamic 499 MiSS 0
partialcol targetK 531 dynamic 530 HIT 5
tabucol targetK 531 dynamic 530 HIT 5
tabucol targetK 530 dynamic 529 MiSS 0
partialcol targetK 530 dynamic 530 MiSS 0
tabucol targetK 190 reactive 189 MISS 0
tabucol targetK 195 reactive 194 MISS 0
tabucol targetK 198 reactive 197 MISS 0
tabucol targetK 199 reactive 198 MISS 0
tabucol targetK 200 reactive 199 HIT 1
tabucol targetK 201 reactive 201 MISS 0
tabucol targetK 202 reactive 201 MISS 0
tabucol targetK 120 reactive 119 MISS 0
tabucol targetK 120 dynamic 119 MiSS 0
tabucol targetK 110 reactive 110 MISS 0
tabucol targetK 115 reactive 114 MISS 0
tabucol targetK 113 reactive 112 MISS 0

graph-1000-50, p=8
tabucol targetK 93 dynamic 93 MiSS 0
partialcol targetK 93 dynamic 92 MiSS 0
tabucol targetK 93 reactive 94 MISS 0
partialcol targetK 93 reactive 93 MiSS 0
tabucol targetK 94 dynamic 95 MiSS 0
partialcol targetK 94 dynamic 93 MiSS 0
tabucol targetK 94 reactive 94 MISS 0
partialcol targetK 94 reactive 93 MiSS 0
tabucol targetK 95 dynamic 94 MiSS 0
partialcol targetK 95 dynamic 94 MiSS 0
tabucol targetK 95 reactive 95 MISS 0
partialcol targetK 95 reactive 94 MiSS 0
tabucol targetK 96 dynamic 96 MiSS 0
partialcol targetK 96 dynamic 95 HIT 1
tabucol targetK 96 reactive 96 MISS 0
partialcol targetK 96 reactive 95 HIT 1
tabucol targetK 97 dynamic 96 MiSS 0
partialcol targetK 97 dynamic 96 MiSS 0
tabucol targetK 97 reactive 98 MISS 0
partialcol targetK 97 reactive 96 HIT 3
tabucol targetK 98 dynamic 98 MiSS 0
partialcol targetK 98 dynamic 97 MiSS 0
tabucol targetK 98 reactive 98 MISS 0
partialcol targetK 98 reactive 97 MiSS 0
tabucol targetK 99 dynamic 99 MiSS 0
partialcol targetK 99 dynamic 98 HIT 1
tabucol targetK 99 reactive 99 MISS 0
tabucol targetK 100 dynamic 100 HIT 1
tabucol targetK 100 reactive 99 MISS 0
tabucol targetK 101 reactive 100 MISS 0
tabucol targetK 102 reactive 102 MISS 0
tabucol targetK 103 reactive 103 MISS 0
tabucol targetK 104 reactive 104 HIT 1

graph-1000-50, p=6

tabucol targetK 93 dynamic 94 MiSS 0
partialcol targetK 93 dynamic 93 MiSS 0
tabucol targetK 93 reactive 95 MISS 0
partialcol targetK 93 reactive 93 MiSS 0
tabucol targetK 94 dynamic 94 MiSS 0
partialcol targetK 94 dynamic 93 MiSS 0
tabucol targetK 94 reactive 95 MISS 0
partialcol targetK 94 reactive 94 MiSS 0
tabucol targetK 95 dynamic 96 MiSS 0
partialcol targetK 95 dynamic 94 MiSS 0
tabucol targetK 95 reactive 95 MISS 0
partialcol targetK 95 reactive 95 MiSS 0
tabucol targetK 96 dynamic 97 MiSS 0
partialcol targetK 96 dynamic 96 MiSS 0
tabucol targetK 96 reactive 97 MISS 0
partialcol targetK 96 reactive 95 MiSS 0
tabucol targetK 97 dynamic 97 MiSS 0
partialcol targetK 97 dynamic 97 HIT 1
tabucol targetK 97 reactive 98 MISS 0
partialcol targetK 97 reactive 96 MiSS 0
tabucol targetK 98 dynamic 98 MiSS 0
partialcol targetK 98 dynamic 98 MiSS 0
tabucol targetK 98 reactive 99 MISS 0
partialcol targetK 98 reactive 97 MiSS 0
tabucol targetK 99 dynamic 100 MiSS 0
tabucol targetK 99 reactive 100 MISS 0
partialcol targetK 99 reactive 98 MiSS 0
tabucol targetK 100 dynamic 100 MiSS 0
tabucol targetK 100 reactive 100 MISS 0
partialcol targetK 100 reactive 100 HIT 5
tabucol targetK 101 dynamic 101 MiSS 0
tabucol targetK 101 reactive 102 MISS 0
tabucol targetK 102 dynamic 103 MiSS 0
tabucol targetK 102 reactive 103 MISS 0
tabucol targetK 103 dynamic 103 MiSS 0
tabucol targetK 103 reactive 103 MISS 0
tabucol targetK 104 dynamic 105 MiSS 0
tabucol targetK 104 reactive 104 MISS 0
tabucol targetK 105 dynamic 105 MiSS 0
tabucol targetK 105 reactive 105 MISS 0
tabucol targetK 106 dynamic 107 MiSS 0
tabucol targetK 106 reactive 106 MISS 0
tabucol targetK 107 dynamic 108 MiSS 0
tabucol targetK 107 reactive 108 MISS 0
tabucol targetK 108 dynamic 108 MiSS 0
tabucol targetK 108 reactive 108 MISS 0
tabucol targetK 109 dynamic 109 MiSS 0
tabucol targetK 109 reactive 108 MISS 0
tabucol targetK 110 dynamic 111 MiSS 0
tabucol targetK 110 reactive 110 MISS 0
tabucol targetK 111 dynamic 111 MiSS 0
tabucol targetK 111 reactive 111 MISS 0
tabucol targetK 112 dynamic 112 MiSS 0
tabucol targetK 112 reactive 111 MISS 0
tabucol targetK 113 reactive 113 MISS 0
tabucol targetK 114 dynamic 114 MiSS 0
tabucol targetK 114 reactive 113 MISS 0
tabucol targetK 115 dynamic 114 MiSS 0
tabucol targetK 115 reactive 114 MISS 0
tabucol targetK 116 dynamic 115 MiSS 0
tabucol targetK 116 reactive 116 MISS 0
tabucol targetK 117 dynamic 117 MiSS 0
tabucol targetK 117 reactive 116 MISS 0
tabucol targetK 118 dynamic 118 MiSS 0
tabucol targetK 118 reactive 118 MISS 0
tabucol targetK 119 dynamic 119 MiSS 0
tabucol targetK 119 reactive 118 MISS 0
tabucol targetK 120 dynamic 120 MiSS 0
tabucol targetK 120 reactive 119 MISS 0
tabucol targetK 121 dynamic 120 MiSS 0
tabucol targetK 200 dynamic 199 MiSS 0
tabucol targetK 200 reactive 199 MISS 0
tabucol targetK 210 dynamic 209 MiSS 0
tabucol targetK 210 reactive 210 HIT 1
tabucol targetK 205 dynamic 204 MiSS 0
tabucol targetK 205 reactive 204 MISS 0
tabucol targetK 208 dynamic 208 MiSS 0
tabucol targetK 208 reactive 207 MISS 0
tabucol targetK 209 dynamic 208 MiSS 0
tabucol targetK 209 reactive 209 MISS 0
tabucol targetK 300 dynamic 299 MiSS 0
partialcol targetK 300 dynamic 299 MiSS 0
tabucol targetK 309 dynamic 309 MiSS 0
tabucol targetK 531 reactive 530 HIT 5
tabucol targetK 530 reactive 529 MISS 0


graph-1000-50, p=4
tabucol targetK 93 dynamic 95 MiSS 0
tabucol targetK 93 reactive 95 MISS 0
partialcol targetK 93 reactive 93 MiSS 0
partialcol targetK 93 dynamic 93 MiSS 0
partialcol targetK 93 reactive 93 MiSS 0
tabucol targetK 94 dynamic 97 MiSS 0
partialcol targetK 94 dynamic 94 MiSS 0
tabucol targetK 94 reactive 97 MISS 0
partialcol targetK 94 reactive 94 MiSS 0
tabucol targetK 95 dynamic 97 MiSS 0
partialcol targetK 95 dynamic 95 MiSS 0
tabucol targetK 95 reactive 97 MISS 0
partialcol targetK 95 reactive 95 MiSS 0
tabucol targetK 96 dynamic 97 MiSS 0
partialcol targetK 96 dynamic 95 MiSS 0
tabucol targetK 96 reactive 98 MISS 0
partialcol targetK 96 reactive 96 MiSS 0
tabucol targetK 97 dynamic 100 MiSS 0
partialcol targetK 97 dynamic 97 MiSS 0
tabucol targetK 97 reactive 98 MISS 0
partialcol targetK 97 reactive 96 MiSS 0
tabucol targetK 98 dynamic 100 MiSS 0
partialcol targetK 98 dynamic 98 MiSS 0
tabucol targetK 98 reactive 99 MISS 0
partialcol targetK 98 reactive 97 MiSS 0
tabucol targetK 99 dynamic 101 MiSS 0
partialcol targetK 99 dynamic 99 MiSS 0
tabucol targetK 99 reactive 101 MISS 0
partialcol targetK 99 reactive 98 MiSS 0
tabucol targetK 100 dynamic 101 MiSS 0
partialcol targetK 100 dynamic 100 MiSS 0
tabucol targetK 100 reactive 102 MISS 0
partialcol targetK 100 reactive 99 HIT 1
tabucol targetK 101 dynamic 103 MiSS 0
partialcol targetK 101 dynamic 101 MiSS 0
tabucol targetK 101 reactive 102 MISS 0
tabucol targetK 102 dynamic 104 MiSS 0
partialcol targetK 102 dynamic 102 MiSS 0
tabucol targetK 102 reactive 103 MISS 0
tabucol targetK 103 reactive 104 MISS 0
tabucol targetK 104 dynamic 105 MiSS 0
partialcol targetK 104 dynamic 104 MiSS 0
tabucol targetK 104 reactive 105 MISS 0
tabucol targetK 105 dynamic 107 MiSS 0
partialcol targetK 105 dynamic 105 MiSS 0
tabucol targetK 105 reactive 107 MISS 0
tabucol targetK 106 dynamic 108 MiSS 0
partialcol targetK 106 dynamic 106 MiSS 0
tabucol targetK 106 reactive 108 MISS 0
tabucol targetK 107 dynamic 109 MiSS 0
partialcol targetK 107 dynamic 107 MiSS 0
tabucol targetK 107 reactive 108 MISS 0
tabucol targetK 108 dynamic 110 MiSS 0
partialcol targetK 108 dynamic 107 MiSS 0
tabucol targetK 108 reactive 109 MISS 0
tabucol targetK 109 dynamic 110 MiSS 0
partialcol targetK 109 dynamic 109 MiSS 0
tabucol targetK 109 reactive 110 MISS 0
tabucol targetK 110 dynamic 111 MiSS 0
partialcol targetK 110 dynamic 109 MiSS 0
tabucol targetK 110 reactive 112 MISS 0
tabucol targetK 111 dynamic 112 MiSS 0
tabucol targetK 200 dynamic 199 MiSS 0
partialcol targetK 200 dynamic 199 MiSS 0
tabucol targetK 200 reactive 199 MISS 0
tabucol targetK 205 dynamic 205 MiSS 0
partialcol targetK 205 dynamic 204 MiSS 0
tabucol targetK 205 reactive 205 MISS 0
tabucol targetK 210 dynamic 210 MiSS 0
partialcol targetK 210 dynamic 210 MiSS 0
tabucol targetK 210 reactive 210 MISS 0
tabucol targetK 300 dynamic 299 MiSS 0
partialcol targetK 300 dynamic 299 MiSS 0
tabucol targetK 530 reactive 530 MISS 0
tabucol targetK 531 dynamic 530 HIT 5
partialcol targetK 531 dynamic 530 HIT 5

graph-1000-50, p=2
tabucol targetK 93 dynamic 95 MiSS 0
partialcol targetK 93 dynamic 93 MiSS 0
tabucol targetK 93 reactive 97 MISS 0
partialcol targetK 93 reactive 94 MiSS 0
tabucol targetK 94 dynamic 96 MiSS 0
partialcol targetK 94 dynamic 94 MiSS 0
tabucol targetK 94 reactive 98 MISS 0
partialcol targetK 94 reactive 94 MiSS 0
tabucol targetK 95 dynamic 98 MiSS 0
partialcol targetK 95 dynamic 96 MiSS 0
tabucol targetK 95 reactive 99 MISS 0
partialcol targetK 95 reactive 95 MiSS 0
partialcol targetK 96 reactive 95 MiSS 0
tabucol targetK 97 dynamic 100 MiSS 0
partialcol targetK 97 dynamic 96 MiSS 0
tabucol targetK 97 reactive 100 MISS 0
partialcol targetK 97 reactive 96 MiSS 0
tabucol targetK 98 dynamic 101 MiSS 0
partialcol targetK 98 dynamic 97 MiSS 0
tabucol targetK 98 reactive 101 MISS 0
partialcol targetK 98 reactive 97 HIT 1
tabucol targetK 99 dynamic 101 MiSS 0
partialcol targetK 99 dynamic 99 MiSS 0
tabucol targetK 99 reactive 102 MISS 0
partialcol targetK 99 reactive 98 HIT 3
tabucol targetK 100 dynamic 103 MiSS 0
partialcol targetK 100 dynamic 100 MiSS 0
tabucol targetK 100 reactive 104 MISS 0
partialcol targetK 100 reactive 100 HIT 5
tabucol targetK 101 dynamic 103 MiSS 0
partialcol targetK 101 dynamic 101 MiSS 0
tabucol targetK 101 reactive 104 MISS 0
tabucol targetK 102 dynamic 104 MiSS 0
partialcol targetK 102 dynamic 102 MiSS 0
tabucol targetK 102 reactive 104 MISS 0
tabucol targetK 103 dynamic 105 MiSS 0
partialcol targetK 103 dynamic 103 MiSS 0
tabucol targetK 103 reactive 104 MISS 0
tabucol targetK 104 reactive 105 MISS 0
tabucol targetK 105 dynamic 107 MiSS 0
partialcol targetK 105 dynamic 105 MiSS 0
tabucol targetK 105 reactive 106 MISS 0
tabucol targetK 106 dynamic 108 MiSS 0
partialcol targetK 106 dynamic 107 MiSS 0
tabucol targetK 106 reactive 108 MISS 0
tabucol targetK 107 dynamic 109 MiSS 0
partialcol targetK 107 dynamic 108 MiSS 0
tabucol targetK 107 reactive 108 MISS 0
tabucol targetK 108 dynamic 111 MiSS 0
partialcol targetK 108 dynamic 109 MiSS 0
tabucol targetK 108 reactive 109 MISS 0
tabucol targetK 109 reactive 111 MISS 0
tabucol targetK 200 dynamic 200 MiSS 0
partialcol targetK 200 dynamic 200 MiSS 0
tabucol targetK 200 reactive 200 MISS 0
tabucol targetK 209 dynamic 209 MiSS 0
partialcol targetK 209 dynamic 209 MiSS 0
tabucol targetK 209 reactive 209 MISS 0
tabucol targetK 300 dynamic 300 MiSS 0
partialcol targetK 300 dynamic 300 MiSS 0
tabucol targetK 300 reactive 300 MISS 0
tabucol targetK 309 dynamic 308 MiSS 0

tabucol targetK 531 dynamic 530 HIT 5
tabucol targetK 530 dynamic 529 MiSS 0
partialcol targetK 530 dynamic 530 MiSS 0
tabucol targetK 530 reactive 530 MISS 0
